[ 2018-01-23T11:38:01+08:00 ] 127.0.0.1 127.0.0.1 GET /index.php/api/bootstraptable/list?limit=10&offset=0&_=1516678681677
[ log ] testurl/index.php/api/bootstraptable/list?limit=10&offset=0&_=1516678681677 [运行时间：0.042000s][吞吐率：23.81req/s] [内存消耗：833.86kb] [文件加载：28]
[ info ] [ CACHE ] INIT File
[ info ] [ LOG ] INIT File
[ error ] [0]class not exists:app\common\model\SystemConfig[C:\Code\php_code\test_server\php\thinkphp\library\think\Loader.php:389]

---------------------------------------------------------------
[ 2018-01-23T11:40:28+08:00 ] 192.168.10.109 192.168.10.109 GET /api/bootstraptable/list
[ log ] 192.168.10.109:11001/api/bootstraptable/list [运行时间：0.021000s][吞吐率：47.62req/s] [内存消耗：833.68kb] [文件加载：28]
[ info ] [ CACHE ] INIT File
[ info ] [ LOG ] INIT File
[ error ] [0]class not exists:app\common\model\SystemConfig[C:\Code\php_code\test_server\php\thinkphp\library\think\Loader.php:389]

---------------------------------------------------------------
[ 2018-01-23T11:40:28+08:00 ] 192.168.10.109 192.168.10.109 GET /favicon.ico
[ log ] 192.168.10.109:11001/favicon.ico [运行时间：0.020000s][吞吐率：50.00req/s] [内存消耗：833.67kb] [文件加载：28]
[ info ] [ CACHE ] INIT File
[ info ] [ LOG ] INIT File
[ error ] [0]class not exists:app\common\model\SystemConfig[C:\Code\php_code\test_server\php\thinkphp\library\think\Loader.php:389]

---------------------------------------------------------------
[ 2018-01-23T11:40:37+08:00 ] 192.168.10.109 192.168.10.109 GET /index.php/api/bootstraptable/list
[ log ] 192.168.10.109:11001/index.php/api/bootstraptable/list [运行时间：0.032600s][吞吐率：30.67req/s] [内存消耗：833.68kb] [文件加载：28]
[ info ] [ CACHE ] INIT File
[ info ] [ LOG ] INIT File
[ error ] [0]class not exists:app\common\model\SystemConfig[C:\Code\php_code\test_server\php\thinkphp\library\think\Loader.php:389]

---------------------------------------------------------------
[ 2018-01-23T11:40:37+08:00 ] 192.168.10.109 192.168.10.109 GET /favicon.ico
[ log ] 192.168.10.109:11001/favicon.ico [运行时间：0.017000s][吞吐率：58.82req/s] [内存消耗：833.65kb] [文件加载：28]
[ info ] [ CACHE ] INIT File
[ info ] [ LOG ] INIT File
[ error ] [0]class not exists:app\common\model\SystemConfig[C:\Code\php_code\test_server\php\thinkphp\library\think\Loader.php:389]

---------------------------------------------------------------
[ 2018-01-23T11:46:08+08:00 ] 192.168.10.109 192.168.10.109 GET /index.php/api/bootstraptable/list
[ log ] 192.168.10.109:11001/index.php/api/bootstraptable/list [运行时间：0.027000s][吞吐率：37.04req/s] [内存消耗：833.66kb] [文件加载：28]
[ info ] [ CACHE ] INIT File
[ info ] [ LOG ] INIT File
[ error ] [0]class not exists:app\common\model\SystemConfig[C:\Code\php_code\test_server\php\thinkphp\library\think\Loader.php:389]

---------------------------------------------------------------
[ 2018-01-23T11:46:08+08:00 ] 192.168.10.109 192.168.10.109 GET /favicon.ico
[ log ] 192.168.10.109:11001/favicon.ico [运行时间：0.017000s][吞吐率：58.82req/s] [内存消耗：833.67kb] [文件加载：28]
[ info ] [ CACHE ] INIT File
[ info ] [ LOG ] INIT File
[ error ] [0]class not exists:app\common\model\SystemConfig[C:\Code\php_code\test_server\php\thinkphp\library\think\Loader.php:389]

---------------------------------------------------------------
[ 2018-01-23T11:46:09+08:00 ] 192.168.10.109 192.168.10.109 GET /index.php/api/bootstraptable/list
[ log ] 192.168.10.109:11001/index.php/api/bootstraptable/list [运行时间：0.027000s][吞吐率：37.04req/s] [内存消耗：833.70kb] [文件加载：28]
[ info ] [ CACHE ] INIT File
[ info ] [ LOG ] INIT File
[ error ] [0]class not exists:app\common\model\SystemConfig[C:\Code\php_code\test_server\php\thinkphp\library\think\Loader.php:389]

---------------------------------------------------------------
[ 2018-01-23T11:46:09+08:00 ] 192.168.10.109 192.168.10.109 GET /favicon.ico
[ log ] 192.168.10.109:11001/favicon.ico [运行时间：0.015000s][吞吐率：66.67req/s] [内存消耗：833.68kb] [文件加载：28]
[ info ] [ CACHE ] INIT File
[ info ] [ LOG ] INIT File
[ error ] [0]class not exists:app\common\model\SystemConfig[C:\Code\php_code\test_server\php\thinkphp\library\think\Loader.php:389]

---------------------------------------------------------------
[ 2018-01-23T11:46:10+08:00 ] 192.168.10.109 192.168.10.109 GET /index.php/api/bootstraptable/list
[ log ] 192.168.10.109:11001/index.php/api/bootstraptable/list [运行时间：0.037000s][吞吐率：27.03req/s] [内存消耗：833.70kb] [文件加载：28]
[ info ] [ CACHE ] INIT File
[ info ] [ LOG ] INIT File
[ error ] [0]class not exists:app\common\model\SystemConfig[C:\Code\php_code\test_server\php\thinkphp\library\think\Loader.php:389]

---------------------------------------------------------------
[ 2018-01-23T11:46:10+08:00 ] 192.168.10.109 192.168.10.109 GET /favicon.ico
[ log ] 192.168.10.109:11001/favicon.ico [运行时间：0.015000s][吞吐率：66.67req/s] [内存消耗：833.68kb] [文件加载：28]
[ info ] [ CACHE ] INIT File
[ info ] [ LOG ] INIT File
[ error ] [0]class not exists:app\common\model\SystemConfig[C:\Code\php_code\test_server\php\thinkphp\library\think\Loader.php:389]

---------------------------------------------------------------
[ 2018-01-23T11:46:10+08:00 ] 192.168.10.109 192.168.10.109 GET /index.php/api/bootstraptable/list
[ log ] 192.168.10.109:11001/index.php/api/bootstraptable/list [运行时间：0.037000s][吞吐率：27.03req/s] [内存消耗：833.70kb] [文件加载：28]
[ info ] [ CACHE ] INIT File
[ info ] [ LOG ] INIT File
[ error ] [0]class not exists:app\common\model\SystemConfig[C:\Code\php_code\test_server\php\thinkphp\library\think\Loader.php:389]

---------------------------------------------------------------
[ 2018-01-23T11:46:10+08:00 ] 192.168.10.109 192.168.10.109 GET /favicon.ico
[ log ] 192.168.10.109:11001/favicon.ico [运行时间：0.018000s][吞吐率：55.56req/s] [内存消耗：833.68kb] [文件加载：28]
[ info ] [ CACHE ] INIT File
[ info ] [ LOG ] INIT File
[ error ] [0]class not exists:app\common\model\SystemConfig[C:\Code\php_code\test_server\php\thinkphp\library\think\Loader.php:389]

---------------------------------------------------------------
[ 2018-01-23T11:46:31+08:00 ] 192.168.10.109 192.168.10.109 GET /index.php/api/bootstraptable/list
[ log ] 192.168.10.109:11001/index.php/api/bootstraptable/list [运行时间：0.025000s][吞吐率：40.00req/s] [内存消耗：833.70kb] [文件加载：28]
[ info ] [ CACHE ] INIT File
[ info ] [ LOG ] INIT File
[ error ] [0]class not exists:app\common\model\SystemConfig[C:\Code\php_code\test_server\php\thinkphp\library\think\Loader.php:389]

---------------------------------------------------------------
[ 2018-01-23T11:46:31+08:00 ] 192.168.10.109 192.168.10.109 GET /favicon.ico
[ log ] 192.168.10.109:11001/favicon.ico [运行时间：0.017000s][吞吐率：58.82req/s] [内存消耗：833.68kb] [文件加载：28]
[ info ] [ CACHE ] INIT File
[ info ] [ LOG ] INIT File
[ error ] [0]class not exists:app\common\model\SystemConfig[C:\Code\php_code\test_server\php\thinkphp\library\think\Loader.php:389]

---------------------------------------------------------------
[ 2018-01-23T11:46:32+08:00 ] 192.168.10.109 192.168.10.109 GET /index.php/api/bootstraptable/list
[ log ] 192.168.10.109:11001/index.php/api/bootstraptable/list [运行时间：0.025000s][吞吐率：40.00req/s] [内存消耗：833.70kb] [文件加载：28]
[ info ] [ CACHE ] INIT File
[ info ] [ LOG ] INIT File
[ error ] [0]class not exists:app\common\model\SystemConfig[C:\Code\php_code\test_server\php\thinkphp\library\think\Loader.php:389]

---------------------------------------------------------------
[ 2018-01-23T11:46:32+08:00 ] 192.168.10.109 192.168.10.109 GET /favicon.ico
[ log ] 192.168.10.109:11001/favicon.ico [运行时间：0.015000s][吞吐率：66.67req/s] [内存消耗：833.68kb] [文件加载：28]
[ info ] [ CACHE ] INIT File
[ info ] [ LOG ] INIT File
[ error ] [0]class not exists:app\common\model\SystemConfig[C:\Code\php_code\test_server\php\thinkphp\library\think\Loader.php:389]

---------------------------------------------------------------
[ 2018-01-23T11:46:33+08:00 ] 192.168.10.109 192.168.10.109 GET /index.php/api/bootstraptable/list
[ log ] 192.168.10.109:11001/index.php/api/bootstraptable/list [运行时间：0.029000s][吞吐率：34.48req/s] [内存消耗：833.70kb] [文件加载：28]
[ info ] [ CACHE ] INIT File
[ info ] [ LOG ] INIT File
[ error ] [0]class not exists:app\common\model\SystemConfig[C:\Code\php_code\test_server\php\thinkphp\library\think\Loader.php:389]

---------------------------------------------------------------
[ 2018-01-23T11:46:33+08:00 ] 192.168.10.109 192.168.10.109 GET /favicon.ico
[ log ] 192.168.10.109:11001/favicon.ico [运行时间：0.016000s][吞吐率：62.50req/s] [内存消耗：833.68kb] [文件加载：28]
[ info ] [ CACHE ] INIT File
[ info ] [ LOG ] INIT File
[ error ] [0]class not exists:app\common\model\SystemConfig[C:\Code\php_code\test_server\php\thinkphp\library\think\Loader.php:389]

---------------------------------------------------------------
[ 2018-01-23T11:46:33+08:00 ] 192.168.10.109 192.168.10.109 GET /index.php/api/bootstraptable/list
[ log ] 192.168.10.109:11001/index.php/api/bootstraptable/list [运行时间：0.040000s][吞吐率：25.00req/s] [内存消耗：833.70kb] [文件加载：28]
[ info ] [ CACHE ] INIT File
[ info ] [ LOG ] INIT File
[ error ] [0]class not exists:app\common\model\SystemConfig[C:\Code\php_code\test_server\php\thinkphp\library\think\Loader.php:389]

---------------------------------------------------------------
[ 2018-01-23T11:46:33+08:00 ] 192.168.10.109 192.168.10.109 GET /favicon.ico
[ log ] 192.168.10.109:11001/favicon.ico [运行时间：0.015000s][吞吐率：66.67req/s] [内存消耗：833.68kb] [文件加载：28]
[ info ] [ CACHE ] INIT File
[ info ] [ LOG ] INIT File
[ error ] [0]class not exists:app\common\model\SystemConfig[C:\Code\php_code\test_server\php\thinkphp\library\think\Loader.php:389]

---------------------------------------------------------------
[ 2018-01-23T11:46:33+08:00 ] 192.168.10.109 192.168.10.109 GET /index.php/api/bootstraptable/list
[ log ] 192.168.10.109:11001/index.php/api/bootstraptable/list [运行时间：0.016000s][吞吐率：62.50req/s] [内存消耗：833.70kb] [文件加载：28]
[ info ] [ CACHE ] INIT File
[ info ] [ LOG ] INIT File
[ error ] [0]class not exists:app\common\model\SystemConfig[C:\Code\php_code\test_server\php\thinkphp\library\think\Loader.php:389]

---------------------------------------------------------------
[ 2018-01-23T11:46:33+08:00 ] 192.168.10.109 192.168.10.109 GET /favicon.ico
[ log ] 192.168.10.109:11001/favicon.ico [运行时间：0.015000s][吞吐率：66.67req/s] [内存消耗：833.68kb] [文件加载：28]
[ info ] [ CACHE ] INIT File
[ info ] [ LOG ] INIT File
[ error ] [0]class not exists:app\common\model\SystemConfig[C:\Code\php_code\test_server\php\thinkphp\library\think\Loader.php:389]

---------------------------------------------------------------
[ 2018-01-23T11:46:33+08:00 ] 192.168.10.109 192.168.10.109 GET /index.php/api/bootstraptable/list
[ log ] 192.168.10.109:11001/index.php/api/bootstraptable/list [运行时间：0.031000s][吞吐率：32.26req/s] [内存消耗：833.70kb] [文件加载：28]
[ info ] [ CACHE ] INIT File
[ info ] [ LOG ] INIT File
[ error ] [0]class not exists:app\common\model\SystemConfig[C:\Code\php_code\test_server\php\thinkphp\library\think\Loader.php:389]

---------------------------------------------------------------
[ 2018-01-23T11:46:33+08:00 ] 192.168.10.109 192.168.10.109 GET /favicon.ico
[ log ] 192.168.10.109:11001/favicon.ico [运行时间：0.017000s][吞吐率：58.82req/s] [内存消耗：833.68kb] [文件加载：28]
[ info ] [ CACHE ] INIT File
[ info ] [ LOG ] INIT File
[ error ] [0]class not exists:app\common\model\SystemConfig[C:\Code\php_code\test_server\php\thinkphp\library\think\Loader.php:389]

---------------------------------------------------------------
[ 2018-01-23T11:46:34+08:00 ] 192.168.10.109 192.168.10.109 GET /index.php/api/bootstraptable/list
[ log ] 192.168.10.109:11001/index.php/api/bootstraptable/list [运行时间：0.029000s][吞吐率：34.48req/s] [内存消耗：833.70kb] [文件加载：28]
[ info ] [ CACHE ] INIT File
[ info ] [ LOG ] INIT File
[ error ] [0]class not exists:app\common\model\SystemConfig[C:\Code\php_code\test_server\php\thinkphp\library\think\Loader.php:389]

---------------------------------------------------------------
[ 2018-01-23T11:46:34+08:00 ] 192.168.10.109 192.168.10.109 GET /favicon.ico
[ log ] 192.168.10.109:11001/favicon.ico [运行时间：0.015000s][吞吐率：66.67req/s] [内存消耗：833.68kb] [文件加载：28]
[ info ] [ CACHE ] INIT File
[ info ] [ LOG ] INIT File
[ error ] [0]class not exists:app\common\model\SystemConfig[C:\Code\php_code\test_server\php\thinkphp\library\think\Loader.php:389]

---------------------------------------------------------------
[ 2018-01-23T11:47:11+08:00 ] 192.168.10.109 192.168.10.109 GET /index.php/api/bootstraptable/list
[ log ] 192.168.10.109:11001/index.php/api/bootstraptable/list [运行时间：0.030000s][吞吐率：33.33req/s] [内存消耗：833.70kb] [文件加载：28]
[ info ] [ CACHE ] INIT File
[ info ] [ LOG ] INIT File
[ error ] [0]class not exists:app\common\model\SystemConfig[C:\Code\php_code\test_server\php\thinkphp\library\think\Loader.php:389]

---------------------------------------------------------------
[ 2018-01-23T11:47:11+08:00 ] 192.168.10.109 192.168.10.109 GET /favicon.ico
[ log ] 192.168.10.109:11001/favicon.ico [运行时间：0.016000s][吞吐率：62.50req/s] [内存消耗：833.68kb] [文件加载：28]
[ info ] [ CACHE ] INIT File
[ info ] [ LOG ] INIT File
[ error ] [0]class not exists:app\common\model\SystemConfig[C:\Code\php_code\test_server\php\thinkphp\library\think\Loader.php:389]

---------------------------------------------------------------
[ 2018-01-23T11:49:13+08:00 ] 192.168.10.109 192.168.10.109 GET /index.php/api/bootstraptable/list
[ log ] 192.168.10.109:11001/index.php/api/bootstraptable/list [运行时间：0.053000s][吞吐率：18.87req/s] [内存消耗：1,476.61kb] [文件加载：42]
[ info ] [ CACHE ] INIT File
[ info ] [ BEHAVIOR ] Run app\common\behavior\InitConfigBehavior @app_init [ RunTime:0.005000s ]
[ info ] [ LANG ] C:\Code\php_code\test_server\php\thinkphp\lang\zh-cn.php
[ info ] [ ROUTE ] array (
  'type' => 'module',
  'module' => 
  array (
    0 => 'api',
    1 => 'BootStrapTables',
    2 => 'listdata',
  ),
  'convert' => false,
)
[ info ] [ HEADER ] array (
  'host' => '192.168.10.109:11001',
  'connection' => 'keep-alive',
  'cache-control' => 'max-age=0',
  'user-agent' => 'Mozilla/5.0 (Windows NT 6.1; WOW64) AppleWebKit/537.36 (KHTML, like Gecko) Chrome/63.0.3239.84 Safari/537.36',
  'upgrade-insecure-requests' => '1',
  'accept' => 'text/html,application/xhtml+xml,application/xml;q=0.9,image/webp,image/apng,*/*;q=0.8',
  'accept-encoding' => 'gzip, deflate',
  'accept-language' => 'zh-CN,zh;q=0.9',
)
[ info ] [ PARAM ] array (
)
[ info ] [ RUN ] app\api\controller\BootStrapTables->listdata[ C:\Code\php_code\test_server\php\application\api\controller\BootStrapTables.php ]
[ info ] [ LOG ] INIT File
[ error ] [8]未定义数组索引: HTTP_ORIGIN[C:\Code\php_code\test_server\php\application\common\controller\Common.php:20]
[ error ] [1]Class 'app\home\model\Common' not found[C:\Code\php_code\test_server\php\application\api\model\BootStrapTable.php:14]

---------------------------------------------------------------
[ 2018-01-23T11:49:13+08:00 ] 192.168.10.109 192.168.10.109 GET /favicon.ico
[ log ] 192.168.10.109:11001/favicon.ico [运行时间：0.022000s][吞吐率：45.45req/s] [内存消耗：1,123.56kb] [文件加载：32]
[ info ] [ CACHE ] INIT File
[ info ] [ BEHAVIOR ] Run app\common\behavior\InitConfigBehavior @app_init [ RunTime:0.003000s ]
[ info ] [ LANG ] C:\Code\php_code\test_server\php\thinkphp\lang\zh-cn.php
[ info ] [ ROUTE ] array (
  'type' => 'module',
  'module' => 
  array (
    0 => NULL,
    1 => 'base',
    2 => 'miss',
  ),
  'convert' => false,
)
[ info ] [ HEADER ] array (
  'host' => '192.168.10.109:11001',
  'connection' => 'keep-alive',
  'pragma' => 'no-cache',
  'cache-control' => 'no-cache',
  'user-agent' => 'Mozilla/5.0 (Windows NT 6.1; WOW64) AppleWebKit/537.36 (KHTML, like Gecko) Chrome/63.0.3239.84 Safari/537.36',
  'accept' => 'image/webp,image/apng,image/*,*/*;q=0.8',
  'referer' => 'http://192.168.10.109:11001/index.php/api/bootstraptable/list',
  'accept-encoding' => 'gzip, deflate',
  'accept-language' => 'zh-CN,zh;q=0.9',
)
[ info ] [ PARAM ] array (
)
[ info ] [ LOG ] INIT File

---------------------------------------------------------------
[ 2018-01-23T11:50:25+08:00 ] 192.168.10.109 192.168.10.109 GET /index.php/api/bootstraptable/list
[ log ] 192.168.10.109:11001/index.php/api/bootstraptable/list [运行时间：0.029000s][吞吐率：34.48req/s] [内存消耗：1,476.62kb] [文件加载：42]
[ info ] [ CACHE ] INIT File
[ info ] [ BEHAVIOR ] Run app\common\behavior\InitConfigBehavior @app_init [ RunTime:0.003000s ]
[ info ] [ LANG ] C:\Code\php_code\test_server\php\thinkphp\lang\zh-cn.php
[ info ] [ ROUTE ] array (
  'type' => 'module',
  'module' => 
  array (
    0 => 'api',
    1 => 'BootStrapTables',
    2 => 'listdata',
  ),
  'convert' => false,
)
[ info ] [ HEADER ] array (
  'host' => '192.168.10.109:11001',
  'connection' => 'keep-alive',
  'cache-control' => 'max-age=0',
  'user-agent' => 'Mozilla/5.0 (Windows NT 6.1; WOW64) AppleWebKit/537.36 (KHTML, like Gecko) Chrome/63.0.3239.84 Safari/537.36',
  'upgrade-insecure-requests' => '1',
  'accept' => 'text/html,application/xhtml+xml,application/xml;q=0.9,image/webp,image/apng,*/*;q=0.8',
  'accept-encoding' => 'gzip, deflate',
  'accept-language' => 'zh-CN,zh;q=0.9',
)
[ info ] [ PARAM ] array (
)
[ info ] [ RUN ] app\api\controller\BootStrapTables->listdata[ C:\Code\php_code\test_server\php\application\api\controller\BootStrapTables.php ]
[ info ] [ LOG ] INIT File
[ error ] [8]未定义数组索引: HTTP_ORIGIN[C:\Code\php_code\test_server\php\application\common\controller\Common.php:20]
[ error ] [1]Class 'app\api\model\Common' not found[C:\Code\php_code\test_server\php\application\api\model\BootStrapTable.php:14]

---------------------------------------------------------------
[ 2018-01-23T11:50:26+08:00 ] 192.168.10.109 192.168.10.109 GET /index.php/api/bootstraptable/list
[ log ] 192.168.10.109:11001/index.php/api/bootstraptable/list [运行时间：0.033000s][吞吐率：30.30req/s] [内存消耗：1,476.62kb] [文件加载：42]
[ info ] [ CACHE ] INIT File
[ info ] [ BEHAVIOR ] Run app\common\behavior\InitConfigBehavior @app_init [ RunTime:0.003000s ]
[ info ] [ LANG ] C:\Code\php_code\test_server\php\thinkphp\lang\zh-cn.php
[ info ] [ ROUTE ] array (
  'type' => 'module',
  'module' => 
  array (
    0 => 'api',
    1 => 'BootStrapTables',
    2 => 'listdata',
  ),
  'convert' => false,
)
[ info ] [ HEADER ] array (
  'host' => '192.168.10.109:11001',
  'connection' => 'keep-alive',
  'cache-control' => 'max-age=0',
  'user-agent' => 'Mozilla/5.0 (Windows NT 6.1; WOW64) AppleWebKit/537.36 (KHTML, like Gecko) Chrome/63.0.3239.84 Safari/537.36',
  'upgrade-insecure-requests' => '1',
  'accept' => 'text/html,application/xhtml+xml,application/xml;q=0.9,image/webp,image/apng,*/*;q=0.8',
  'accept-encoding' => 'gzip, deflate',
  'accept-language' => 'zh-CN,zh;q=0.9',
)
[ info ] [ PARAM ] array (
)
[ info ] [ RUN ] app\api\controller\BootStrapTables->listdata[ C:\Code\php_code\test_server\php\application\api\controller\BootStrapTables.php ]
[ info ] [ LOG ] INIT File
[ error ] [8]未定义数组索引: HTTP_ORIGIN[C:\Code\php_code\test_server\php\application\common\controller\Common.php:20]
[ error ] [1]Class 'app\api\model\Common' not found[C:\Code\php_code\test_server\php\application\api\model\BootStrapTable.php:14]

---------------------------------------------------------------
[ 2018-01-23T11:51:04+08:00 ] 192.168.10.109 192.168.10.109 GET /index.php/api/bootstraptable/list
[ log ] 192.168.10.109:11001/index.php/api/bootstraptable/list [运行时间：0.023000s][吞吐率：43.48req/s] [内存消耗：1,476.62kb] [文件加载：42]
[ info ] [ CACHE ] INIT File
[ info ] [ BEHAVIOR ] Run app\common\behavior\InitConfigBehavior @app_init [ RunTime:0.002000s ]
[ info ] [ LANG ] C:\Code\php_code\test_server\php\thinkphp\lang\zh-cn.php
[ info ] [ ROUTE ] array (
  'type' => 'module',
  'module' => 
  array (
    0 => 'api',
    1 => 'BootStrapTables',
    2 => 'listdata',
  ),
  'convert' => false,
)
[ info ] [ HEADER ] array (
  'host' => '192.168.10.109:11001',
  'connection' => 'keep-alive',
  'cache-control' => 'max-age=0',
  'user-agent' => 'Mozilla/5.0 (Windows NT 6.1; WOW64) AppleWebKit/537.36 (KHTML, like Gecko) Chrome/63.0.3239.84 Safari/537.36',
  'upgrade-insecure-requests' => '1',
  'accept' => 'text/html,application/xhtml+xml,application/xml;q=0.9,image/webp,image/apng,*/*;q=0.8',
  'accept-encoding' => 'gzip, deflate',
  'accept-language' => 'zh-CN,zh;q=0.9',
)
[ info ] [ PARAM ] array (
)
[ info ] [ RUN ] app\api\controller\BootStrapTables->listdata[ C:\Code\php_code\test_server\php\application\api\controller\BootStrapTables.php ]
[ info ] [ LOG ] INIT File
[ error ] [8]未定义数组索引: HTTP_ORIGIN[C:\Code\php_code\test_server\php\application\common\controller\Common.php:20]
[ error ] [1]Class 'app\api\model\Common' not found[C:\Code\php_code\test_server\php\application\api\model\BootStrapTable.php:15]

---------------------------------------------------------------
[ 2018-01-23T11:51:34+08:00 ] 192.168.10.109 192.168.10.109 GET /index.php/api/bootstraptable/list
[ log ] 192.168.10.109:11001/index.php/api/bootstraptable/list [运行时间：1.242000s][吞吐率：0.81req/s] [内存消耗：2,419.01kb] [文件加载：49]
[ info ] [ CACHE ] INIT File
[ info ] [ BEHAVIOR ] Run app\common\behavior\InitConfigBehavior @app_init [ RunTime:0.003000s ]
[ info ] [ LANG ] C:\Code\php_code\test_server\php\thinkphp\lang\zh-cn.php
[ info ] [ ROUTE ] array (
  'type' => 'module',
  'module' => 
  array (
    0 => 'api',
    1 => 'BootStrapTables',
    2 => 'listdata',
  ),
  'convert' => false,
)
[ info ] [ HEADER ] array (
  'host' => '192.168.10.109:11001',
  'connection' => 'keep-alive',
  'cache-control' => 'max-age=0',
  'user-agent' => 'Mozilla/5.0 (Windows NT 6.1; WOW64) AppleWebKit/537.36 (KHTML, like Gecko) Chrome/63.0.3239.84 Safari/537.36',
  'upgrade-insecure-requests' => '1',
  'accept' => 'text/html,application/xhtml+xml,application/xml;q=0.9,image/webp,image/apng,*/*;q=0.8',
  'accept-encoding' => 'gzip, deflate',
  'accept-language' => 'zh-CN,zh;q=0.9',
)
[ info ] [ PARAM ] array (
)
[ info ] [ RUN ] app\api\controller\BootStrapTables->listdata[ C:\Code\php_code\test_server\php\application\api\controller\BootStrapTables.php ]
[ info ] [ DB ] INIT mysql
[ info ] [ LOG ] INIT File
[ error ] [8]未定义数组索引: HTTP_ORIGIN[C:\Code\php_code\test_server\php\application\common\controller\Common.php:20]
[ error ] [42S02]SQLSTATE[42S02]: Base table or view not found: 1146 Table 'test_server.debug_bootstrap_table' doesn't exist[C:\Code\php_code\test_server\php\thinkphp\library\think\db\connector\Mysql.php:65]
[ sql ] [ DB ] CONNECT:[ UseTime:1.037000s ] mysql:dbname=test_server;host=localhost;port=3306;charset=utf8

---------------------------------------------------------------
[ 2018-01-23T11:52:59+08:00 ] 192.168.10.109 192.168.10.109 GET /index.php/api/bootstraptable/list
[ log ] 192.168.10.109:11001/index.php/api/bootstraptable/list [运行时间：1.086000s][吞吐率：0.92req/s] [内存消耗：2,440.17kb] [文件加载：49]
[ info ] [ CACHE ] INIT File
[ info ] [ BEHAVIOR ] Run app\common\behavior\InitConfigBehavior @app_init [ RunTime:0.005000s ]
[ info ] [ LANG ] C:\Code\php_code\test_server\php\thinkphp\lang\zh-cn.php
[ info ] [ ROUTE ] array (
  'type' => 'module',
  'module' => 
  array (
    0 => 'api',
    1 => 'BootStrapTables',
    2 => 'listdata',
  ),
  'convert' => false,
)
[ info ] [ HEADER ] array (
  'host' => '192.168.10.109:11001',
  'connection' => 'keep-alive',
  'cache-control' => 'max-age=0',
  'user-agent' => 'Mozilla/5.0 (Windows NT 6.1; WOW64) AppleWebKit/537.36 (KHTML, like Gecko) Chrome/63.0.3239.84 Safari/537.36',
  'upgrade-insecure-requests' => '1',
  'accept' => 'text/html,application/xhtml+xml,application/xml;q=0.9,image/webp,image/apng,*/*;q=0.8',
  'accept-encoding' => 'gzip, deflate',
  'accept-language' => 'zh-CN,zh;q=0.9',
)
[ info ] [ PARAM ] array (
)
[ info ] [ RUN ] app\api\controller\BootStrapTables->listdata[ C:\Code\php_code\test_server\php\application\api\controller\BootStrapTables.php ]
[ info ] [ DB ] INIT mysql
[ info ] [ LOG ] INIT File
[ error ] [8]未定义数组索引: HTTP_ORIGIN[C:\Code\php_code\test_server\php\application\common\controller\Common.php:20]
[ error ] [8]未定义数组索引: page_no[C:\Code\php_code\test_server\php\application\api\controller\BootStrapTables.php:36]
[ error ] [8]未定义数组索引: page_size[C:\Code\php_code\test_server\php\application\api\controller\BootStrapTables.php:37]
[ sql ] [ DB ] CONNECT:[ UseTime:1.014000s ] mysql:dbname=test_server;host=localhost;port=3306;charset=utf8
[ sql ] [ SQL ] SHOW COLUMNS FROM `debug_bootstrap_table` [ RunTime:0.025000s ]
[ sql ] [ SQL ] SELECT * FROM `debug_bootstrap_table` WHERE  `status` = 1 [ RunTime:0.001000s ]

---------------------------------------------------------------
[ 2018-01-23T11:54:32+08:00 ] 127.0.0.1 127.0.0.1 GET /index.php/api/bootstraptable/list?limit=10&offset=0&_=1516679671724
[ log ] testurl/index.php/api/bootstraptable/list?limit=10&offset=0&_=1516679671724 [运行时间：1.071000s][吞吐率：0.93req/s] [内存消耗：2,440.76kb] [文件加载：49]
[ info ] [ CACHE ] INIT File
[ info ] [ BEHAVIOR ] Run app\common\behavior\InitConfigBehavior @app_init [ RunTime:0.002000s ]
[ info ] [ LANG ] C:\Code\php_code\test_server\php\thinkphp\lang\zh-cn.php
[ info ] [ ROUTE ] array (
  'type' => 'module',
  'module' => 
  array (
    0 => 'api',
    1 => 'BootStrapTables',
    2 => 'listdata',
  ),
  'convert' => false,
)
[ info ] [ HEADER ] array (
  'host' => 'testurl',
  'connection' => 'close',
  'accept' => 'application/json, text/javascript, */*; q=0.01',
  'x-requested-with' => 'XMLHttpRequest',
  'user-agent' => 'Mozilla/5.0 (Windows NT 6.1; WOW64) AppleWebKit/537.36 (KHTML, like Gecko) Chrome/63.0.3239.84 Safari/537.36',
  'content-type' => 'application/json',
  'referer' => 'http://192.168.10.109/bootstrap_table_edit.html',
  'accept-encoding' => 'gzip, deflate',
  'accept-language' => 'zh-CN,zh;q=0.9',
)
[ info ] [ PARAM ] array (
  'limit' => '10',
  'offset' => '0',
  '_' => '1516679671724',
)
[ info ] [ RUN ] app\api\controller\BootStrapTables->listdata[ C:\Code\php_code\test_server\php\application\api\controller\BootStrapTables.php ]
[ info ] [ DB ] INIT mysql
[ info ] [ LOG ] INIT File
[ error ] [8]未定义数组索引: HTTP_ORIGIN[C:\Code\php_code\test_server\php\application\common\controller\Common.php:20]
[ error ] [8]未定义数组索引: page_no[C:\Code\php_code\test_server\php\application\api\controller\BootStrapTables.php:36]
[ error ] [8]未定义数组索引: page_size[C:\Code\php_code\test_server\php\application\api\controller\BootStrapTables.php:37]
[ sql ] [ DB ] CONNECT:[ UseTime:1.022000s ] mysql:dbname=test_server;host=localhost;port=3306;charset=utf8
[ sql ] [ SQL ] SHOW COLUMNS FROM `debug_bootstrap_table` [ RunTime:0.017000s ]
[ sql ] [ SQL ] SELECT * FROM `debug_bootstrap_table` WHERE  `status` = 1 [ RunTime:0.001000s ]

---------------------------------------------------------------
[ 2018-01-23T12:05:04+08:00 ] 127.0.0.1 127.0.0.1 GET /index.php/api/bootstraptable/list?limit=10&offset=0&_=1516680303509
[ log ] testurl/index.php/api/bootstraptable/list?limit=10&offset=0&_=1516680303509 [运行时间：1.075000s][吞吐率：0.93req/s] [内存消耗：2,440.72kb] [文件加载：49]
[ info ] [ CACHE ] INIT File
[ info ] [ BEHAVIOR ] Run app\common\behavior\InitConfigBehavior @app_init [ RunTime:0.003000s ]
[ info ] [ LANG ] C:\Code\php_code\test_server\php\thinkphp\lang\zh-cn.php
[ info ] [ ROUTE ] array (
  'type' => 'module',
  'module' => 
  array (
    0 => 'api',
    1 => 'BootStrapTables',
    2 => 'listdata',
  ),
  'convert' => false,
)
[ info ] [ HEADER ] array (
  'host' => 'testurl',
  'connection' => 'close',
  'accept' => 'application/json, text/javascript, */*; q=0.01',
  'x-requested-with' => 'XMLHttpRequest',
  'user-agent' => 'Mozilla/5.0 (Windows NT 6.1; WOW64) AppleWebKit/537.36 (KHTML, like Gecko) Chrome/63.0.3239.84 Safari/537.36',
  'content-type' => 'application/json',
  'referer' => 'http://192.168.10.109/bootstrap_table_edit.html',
  'accept-encoding' => 'gzip, deflate',
  'accept-language' => 'zh-CN,zh;q=0.9',
)
[ info ] [ PARAM ] array (
  'limit' => '10',
  'offset' => '0',
  '_' => '1516680303509',
)
[ info ] [ RUN ] app\api\controller\BootStrapTables->listdata[ C:\Code\php_code\test_server\php\application\api\controller\BootStrapTables.php ]
[ info ] [ DB ] INIT mysql
[ info ] [ LOG ] INIT File
[ error ] [8]未定义数组索引: HTTP_ORIGIN[C:\Code\php_code\test_server\php\application\common\controller\Common.php:20]
[ error ] [8]未定义数组索引: page_no[C:\Code\php_code\test_server\php\application\api\controller\BootStrapTables.php:36]
[ error ] [8]未定义数组索引: page_size[C:\Code\php_code\test_server\php\application\api\controller\BootStrapTables.php:37]
[ sql ] [ DB ] CONNECT:[ UseTime:1.012000s ] mysql:dbname=test_server;host=localhost;port=3306;charset=utf8
[ sql ] [ SQL ] SHOW COLUMNS FROM `debug_bootstrap_table` [ RunTime:0.021000s ]
[ sql ] [ SQL ] SELECT * FROM `debug_bootstrap_table` WHERE  `status` = 1 [ RunTime:0.001000s ]

---------------------------------------------------------------
[ 2018-01-23T12:13:00+08:00 ] 127.0.0.1 127.0.0.1 GET /index.php/api/bootstraptable/list?limit=10&offset=0&_=1516680778889
[ log ] testurl/index.php/api/bootstraptable/list?limit=10&offset=0&_=1516680778889 [运行时间：1.082000s][吞吐率：0.92req/s] [内存消耗：2,441.12kb] [文件加载：49]
[ info ] [ CACHE ] INIT File
[ info ] [ BEHAVIOR ] Run app\common\behavior\InitConfigBehavior @app_init [ RunTime:0.003000s ]
[ info ] [ LANG ] C:\Code\php_code\test_server\php\thinkphp\lang\zh-cn.php
[ info ] [ ROUTE ] array (
  'type' => 'module',
  'module' => 
  array (
    0 => 'api',
    1 => 'BootStrapTables',
    2 => 'listdata',
  ),
  'convert' => false,
)
[ info ] [ HEADER ] array (
  'host' => 'testurl',
  'connection' => 'close',
  'accept' => 'application/json, text/javascript, */*; q=0.01',
  'x-requested-with' => 'XMLHttpRequest',
  'user-agent' => 'Mozilla/5.0 (Windows NT 6.1; WOW64) AppleWebKit/537.36 (KHTML, like Gecko) Chrome/63.0.3239.84 Safari/537.36',
  'content-type' => 'application/json',
  'referer' => 'http://127.0.0.1/bootstrap_table_edit.html',
  'accept-encoding' => 'gzip, deflate, br',
  'accept-language' => 'zh-CN,zh;q=0.9',
  'cookie' => 'ECS[history]=155%2C10',
)
[ info ] [ PARAM ] array (
  'limit' => '10',
  'offset' => '0',
  '_' => '1516680778889',
)
[ info ] [ RUN ] app\api\controller\BootStrapTables->listdata[ C:\Code\php_code\test_server\php\application\api\controller\BootStrapTables.php ]
[ info ] [ DB ] INIT mysql
[ info ] [ LOG ] INIT File
[ error ] [8]未定义数组索引: HTTP_ORIGIN[C:\Code\php_code\test_server\php\application\common\controller\Common.php:20]
[ error ] [8]未定义数组索引: page_no[C:\Code\php_code\test_server\php\application\api\controller\BootStrapTables.php:36]
[ error ] [8]未定义数组索引: page_size[C:\Code\php_code\test_server\php\application\api\controller\BootStrapTables.php:37]
[ sql ] [ DB ] CONNECT:[ UseTime:1.012000s ] mysql:dbname=test_server;host=localhost;port=3306;charset=utf8
[ sql ] [ SQL ] SHOW COLUMNS FROM `debug_bootstrap_table` [ RunTime:0.028000s ]
[ sql ] [ SQL ] SELECT * FROM `debug_bootstrap_table` WHERE  `status` = 1 [ RunTime:0.001000s ]

---------------------------------------------------------------
[ 2018-01-23T12:20:36+08:00 ] 127.0.0.1 127.0.0.1 GET /index.php/api/bootstraptable/list?limit=10&offset=0&_=1516681235327
[ log ] testurl/index.php/api/bootstraptable/list?limit=10&offset=0&_=1516681235327 [运行时间：1.114000s][吞吐率：0.90req/s] [内存消耗：2,441.12kb] [文件加载：49]
[ info ] [ CACHE ] INIT File
[ info ] [ BEHAVIOR ] Run app\common\behavior\InitConfigBehavior @app_init [ RunTime:0.003000s ]
[ info ] [ LANG ] C:\Code\php_code\test_server\php\thinkphp\lang\zh-cn.php
[ info ] [ ROUTE ] array (
  'type' => 'module',
  'module' => 
  array (
    0 => 'api',
    1 => 'BootStrapTables',
    2 => 'listdata',
  ),
  'convert' => false,
)
[ info ] [ HEADER ] array (
  'host' => 'testurl',
  'connection' => 'close',
  'accept' => 'application/json, text/javascript, */*; q=0.01',
  'x-requested-with' => 'XMLHttpRequest',
  'user-agent' => 'Mozilla/5.0 (Windows NT 6.1; WOW64) AppleWebKit/537.36 (KHTML, like Gecko) Chrome/63.0.3239.84 Safari/537.36',
  'content-type' => 'application/json',
  'referer' => 'http://127.0.0.1/bootstrap_table_edit.html',
  'accept-encoding' => 'gzip, deflate, br',
  'accept-language' => 'zh-CN,zh;q=0.9',
  'cookie' => 'ECS[history]=155%2C10',
)
[ info ] [ PARAM ] array (
  'limit' => '10',
  'offset' => '0',
  '_' => '1516681235327',
)
[ info ] [ RUN ] app\api\controller\BootStrapTables->listdata[ C:\Code\php_code\test_server\php\application\api\controller\BootStrapTables.php ]
[ info ] [ DB ] INIT mysql
[ info ] [ LOG ] INIT File
[ error ] [8]未定义数组索引: HTTP_ORIGIN[C:\Code\php_code\test_server\php\application\common\controller\Common.php:20]
[ error ] [8]未定义数组索引: page_no[C:\Code\php_code\test_server\php\application\api\controller\BootStrapTables.php:36]
[ error ] [8]未定义数组索引: page_size[C:\Code\php_code\test_server\php\application\api\controller\BootStrapTables.php:37]
[ sql ] [ DB ] CONNECT:[ UseTime:1.026000s ] mysql:dbname=test_server;host=localhost;port=3306;charset=utf8
[ sql ] [ SQL ] SHOW COLUMNS FROM `debug_bootstrap_table` [ RunTime:0.045000s ]
[ sql ] [ SQL ] SELECT * FROM `debug_bootstrap_table` WHERE  `status` = 1 [ RunTime:0.002000s ]

---------------------------------------------------------------
[ 2018-01-23T12:20:59+08:00 ] 127.0.0.1 127.0.0.1 GET /index.php/api/bootstraptable/list?limit=10&offset=0&_=1516681258237
[ log ] testurl/index.php/api/bootstraptable/list?limit=10&offset=0&_=1516681258237 [运行时间：1.061000s][吞吐率：0.94req/s] [内存消耗：2,441.12kb] [文件加载：49]
[ info ] [ CACHE ] INIT File
[ info ] [ BEHAVIOR ] Run app\common\behavior\InitConfigBehavior @app_init [ RunTime:0.002000s ]
[ info ] [ LANG ] C:\Code\php_code\test_server\php\thinkphp\lang\zh-cn.php
[ info ] [ ROUTE ] array (
  'type' => 'module',
  'module' => 
  array (
    0 => 'api',
    1 => 'BootStrapTables',
    2 => 'listdata',
  ),
  'convert' => false,
)
[ info ] [ HEADER ] array (
  'host' => 'testurl',
  'connection' => 'close',
  'accept' => 'application/json, text/javascript, */*; q=0.01',
  'x-requested-with' => 'XMLHttpRequest',
  'user-agent' => 'Mozilla/5.0 (Windows NT 6.1; WOW64) AppleWebKit/537.36 (KHTML, like Gecko) Chrome/63.0.3239.84 Safari/537.36',
  'content-type' => 'application/json',
  'referer' => 'http://127.0.0.1/bootstrap_table_edit.html',
  'accept-encoding' => 'gzip, deflate, br',
  'accept-language' => 'zh-CN,zh;q=0.9',
  'cookie' => 'ECS[history]=155%2C10',
)
[ info ] [ PARAM ] array (
  'limit' => '10',
  'offset' => '0',
  '_' => '1516681258237',
)
[ info ] [ RUN ] app\api\controller\BootStrapTables->listdata[ C:\Code\php_code\test_server\php\application\api\controller\BootStrapTables.php ]
[ info ] [ DB ] INIT mysql
[ info ] [ LOG ] INIT File
[ error ] [8]未定义数组索引: HTTP_ORIGIN[C:\Code\php_code\test_server\php\application\common\controller\Common.php:20]
[ error ] [8]未定义数组索引: page_no[C:\Code\php_code\test_server\php\application\api\controller\BootStrapTables.php:36]
[ error ] [8]未定义数组索引: page_size[C:\Code\php_code\test_server\php\application\api\controller\BootStrapTables.php:37]
[ sql ] [ DB ] CONNECT:[ UseTime:1.011000s ] mysql:dbname=test_server;host=localhost;port=3306;charset=utf8
[ sql ] [ SQL ] SHOW COLUMNS FROM `debug_bootstrap_table` [ RunTime:0.018000s ]
[ sql ] [ SQL ] SELECT * FROM `debug_bootstrap_table` WHERE  `status` = 1 [ RunTime:0.001000s ]

---------------------------------------------------------------
[ 2018-01-23T12:23:07+08:00 ] 127.0.0.1 127.0.0.1 GET /index.php/api/bootstraptable/list?limit=10&offset=0&_=1516681386287
[ log ] testurl/index.php/api/bootstraptable/list?limit=10&offset=0&_=1516681386287 [运行时间：1.069000s][吞吐率：0.94req/s] [内存消耗：2,441.28kb] [文件加载：49]
[ info ] [ CACHE ] INIT File
[ info ] [ BEHAVIOR ] Run app\common\behavior\InitConfigBehavior @app_init [ RunTime:0.004000s ]
[ info ] [ LANG ] C:\Code\php_code\test_server\php\thinkphp\lang\zh-cn.php
[ info ] [ ROUTE ] array (
  'type' => 'module',
  'module' => 
  array (
    0 => 'api',
    1 => 'BootStrapTables',
    2 => 'listdata',
  ),
  'convert' => false,
)
[ info ] [ HEADER ] array (
  'host' => 'testurl',
  'connection' => 'close',
  'pragma' => 'no-cache',
  'cache-control' => 'no-cache',
  'accept' => 'application/json, text/javascript, */*; q=0.01',
  'x-requested-with' => 'XMLHttpRequest',
  'user-agent' => 'Mozilla/5.0 (Windows NT 6.1; WOW64) AppleWebKit/537.36 (KHTML, like Gecko) Chrome/63.0.3239.84 Safari/537.36',
  'content-type' => 'application/json',
  'referer' => 'http://127.0.0.1/bootstrap_table_edit.html',
  'accept-encoding' => 'gzip, deflate, br',
  'accept-language' => 'zh-CN,zh;q=0.9',
  'cookie' => 'ECS[history]=155%2C10',
)
[ info ] [ PARAM ] array (
  'limit' => '10',
  'offset' => '0',
  '_' => '1516681386287',
)
[ info ] [ RUN ] app\api\controller\BootStrapTables->listdata[ C:\Code\php_code\test_server\php\application\api\controller\BootStrapTables.php ]
[ info ] [ DB ] INIT mysql
[ info ] [ LOG ] INIT File
[ error ] [8]未定义数组索引: HTTP_ORIGIN[C:\Code\php_code\test_server\php\application\common\controller\Common.php:20]
[ error ] [8]未定义数组索引: page_no[C:\Code\php_code\test_server\php\application\api\controller\BootStrapTables.php:36]
[ error ] [8]未定义数组索引: page_size[C:\Code\php_code\test_server\php\application\api\controller\BootStrapTables.php:37]
[ sql ] [ DB ] CONNECT:[ UseTime:1.013000s ] mysql:dbname=test_server;host=localhost;port=3306;charset=utf8
[ sql ] [ SQL ] SHOW COLUMNS FROM `debug_bootstrap_table` [ RunTime:0.019000s ]
[ sql ] [ SQL ] SELECT * FROM `debug_bootstrap_table` WHERE  `status` = 1 [ RunTime:0.001000s ]

---------------------------------------------------------------
[ 2018-01-23T12:24:08+08:00 ] 127.0.0.1 127.0.0.1 GET /index.php/api/bootstraptable/list?limit=10&offset=0&_=1516681447714
[ log ] testurl/index.php/api/bootstraptable/list?limit=10&offset=0&_=1516681447714 [运行时间：1.065000s][吞吐率：0.94req/s] [内存消耗：2,441.28kb] [文件加载：49]
[ info ] [ CACHE ] INIT File
[ info ] [ BEHAVIOR ] Run app\common\behavior\InitConfigBehavior @app_init [ RunTime:0.002000s ]
[ info ] [ LANG ] C:\Code\php_code\test_server\php\thinkphp\lang\zh-cn.php
[ info ] [ ROUTE ] array (
  'type' => 'module',
  'module' => 
  array (
    0 => 'api',
    1 => 'BootStrapTables',
    2 => 'listdata',
  ),
  'convert' => false,
)
[ info ] [ HEADER ] array (
  'host' => 'testurl',
  'connection' => 'close',
  'pragma' => 'no-cache',
  'cache-control' => 'no-cache',
  'accept' => 'application/json, text/javascript, */*; q=0.01',
  'x-requested-with' => 'XMLHttpRequest',
  'user-agent' => 'Mozilla/5.0 (Windows NT 6.1; WOW64) AppleWebKit/537.36 (KHTML, like Gecko) Chrome/63.0.3239.84 Safari/537.36',
  'content-type' => 'application/json',
  'referer' => 'http://127.0.0.1/bootstrap_table_edit.html',
  'accept-encoding' => 'gzip, deflate, br',
  'accept-language' => 'zh-CN,zh;q=0.9',
  'cookie' => 'ECS[history]=155%2C10',
)
[ info ] [ PARAM ] array (
  'limit' => '10',
  'offset' => '0',
  '_' => '1516681447714',
)
[ info ] [ RUN ] app\api\controller\BootStrapTables->listdata[ C:\Code\php_code\test_server\php\application\api\controller\BootStrapTables.php ]
[ info ] [ DB ] INIT mysql
[ info ] [ LOG ] INIT File
[ error ] [8]未定义数组索引: HTTP_ORIGIN[C:\Code\php_code\test_server\php\application\common\controller\Common.php:20]
[ error ] [8]未定义数组索引: page_no[C:\Code\php_code\test_server\php\application\api\controller\BootStrapTables.php:36]
[ error ] [8]未定义数组索引: page_size[C:\Code\php_code\test_server\php\application\api\controller\BootStrapTables.php:37]
[ sql ] [ DB ] CONNECT:[ UseTime:1.013000s ] mysql:dbname=test_server;host=localhost;port=3306;charset=utf8
[ sql ] [ SQL ] SHOW COLUMNS FROM `debug_bootstrap_table` [ RunTime:0.020000s ]
[ sql ] [ SQL ] SELECT * FROM `debug_bootstrap_table` WHERE  `status` = 1 [ RunTime:0.002000s ]

---------------------------------------------------------------
[ 2018-01-23T12:24:48+08:00 ] 127.0.0.1 127.0.0.1 GET /index.php/api/bootstraptable/list?limit=10&offset=0&_=1516681487019
[ log ] testurl/index.php/api/bootstraptable/list?limit=10&offset=0&_=1516681487019 [运行时间：1.079000s][吞吐率：0.93req/s] [内存消耗：2,441.28kb] [文件加载：49]
[ info ] [ CACHE ] INIT File
[ info ] [ BEHAVIOR ] Run app\common\behavior\InitConfigBehavior @app_init [ RunTime:0.003000s ]
[ info ] [ LANG ] C:\Code\php_code\test_server\php\thinkphp\lang\zh-cn.php
[ info ] [ ROUTE ] array (
  'type' => 'module',
  'module' => 
  array (
    0 => 'api',
    1 => 'BootStrapTables',
    2 => 'listdata',
  ),
  'convert' => false,
)
[ info ] [ HEADER ] array (
  'host' => 'testurl',
  'connection' => 'close',
  'pragma' => 'no-cache',
  'cache-control' => 'no-cache',
  'accept' => 'application/json, text/javascript, */*; q=0.01',
  'x-requested-with' => 'XMLHttpRequest',
  'user-agent' => 'Mozilla/5.0 (Windows NT 6.1; WOW64) AppleWebKit/537.36 (KHTML, like Gecko) Chrome/63.0.3239.84 Safari/537.36',
  'content-type' => 'application/json',
  'referer' => 'http://127.0.0.1/bootstrap_table_edit.html',
  'accept-encoding' => 'gzip, deflate, br',
  'accept-language' => 'zh-CN,zh;q=0.9',
  'cookie' => 'ECS[history]=155%2C10',
)
[ info ] [ PARAM ] array (
  'limit' => '10',
  'offset' => '0',
  '_' => '1516681487019',
)
[ info ] [ RUN ] app\api\controller\BootStrapTables->listdata[ C:\Code\php_code\test_server\php\application\api\controller\BootStrapTables.php ]
[ info ] [ DB ] INIT mysql
[ info ] [ LOG ] INIT File
[ error ] [8]未定义数组索引: HTTP_ORIGIN[C:\Code\php_code\test_server\php\application\common\controller\Common.php:20]
[ error ] [8]未定义数组索引: page_no[C:\Code\php_code\test_server\php\application\api\controller\BootStrapTables.php:36]
[ error ] [8]未定义数组索引: page_size[C:\Code\php_code\test_server\php\application\api\controller\BootStrapTables.php:37]
[ sql ] [ DB ] CONNECT:[ UseTime:1.025000s ] mysql:dbname=test_server;host=localhost;port=3306;charset=utf8
[ sql ] [ SQL ] SHOW COLUMNS FROM `debug_bootstrap_table` [ RunTime:0.021000s ]
[ sql ] [ SQL ] SELECT * FROM `debug_bootstrap_table` WHERE  `status` = 1 [ RunTime:0.001000s ]

---------------------------------------------------------------
[ 2018-01-23T12:25:33+08:00 ] 127.0.0.1 127.0.0.1 GET /index.php/api/bootstraptable/list?limit=10&offset=0&_=1516681532040
[ log ] testurl/index.php/api/bootstraptable/list?limit=10&offset=0&_=1516681532040 [运行时间：1.089000s][吞吐率：0.92req/s] [内存消耗：2,441.28kb] [文件加载：49]
[ info ] [ CACHE ] INIT File
[ info ] [ BEHAVIOR ] Run app\common\behavior\InitConfigBehavior @app_init [ RunTime:0.005000s ]
[ info ] [ LANG ] C:\Code\php_code\test_server\php\thinkphp\lang\zh-cn.php
[ info ] [ ROUTE ] array (
  'type' => 'module',
  'module' => 
  array (
    0 => 'api',
    1 => 'BootStrapTables',
    2 => 'listdata',
  ),
  'convert' => false,
)
[ info ] [ HEADER ] array (
  'host' => 'testurl',
  'connection' => 'close',
  'pragma' => 'no-cache',
  'cache-control' => 'no-cache',
  'accept' => 'application/json, text/javascript, */*; q=0.01',
  'x-requested-with' => 'XMLHttpRequest',
  'user-agent' => 'Mozilla/5.0 (Windows NT 6.1; WOW64) AppleWebKit/537.36 (KHTML, like Gecko) Chrome/63.0.3239.84 Safari/537.36',
  'content-type' => 'application/json',
  'referer' => 'http://127.0.0.1/bootstrap_table_edit.html',
  'accept-encoding' => 'gzip, deflate, br',
  'accept-language' => 'zh-CN,zh;q=0.9',
  'cookie' => 'ECS[history]=155%2C10',
)
[ info ] [ PARAM ] array (
  'limit' => '10',
  'offset' => '0',
  '_' => '1516681532040',
)
[ info ] [ RUN ] app\api\controller\BootStrapTables->listdata[ C:\Code\php_code\test_server\php\application\api\controller\BootStrapTables.php ]
[ info ] [ DB ] INIT mysql
[ info ] [ LOG ] INIT File
[ error ] [8]未定义数组索引: HTTP_ORIGIN[C:\Code\php_code\test_server\php\application\common\controller\Common.php:20]
[ error ] [8]未定义数组索引: page_no[C:\Code\php_code\test_server\php\application\api\controller\BootStrapTables.php:36]
[ error ] [8]未定义数组索引: page_size[C:\Code\php_code\test_server\php\application\api\controller\BootStrapTables.php:37]
[ sql ] [ DB ] CONNECT:[ UseTime:1.022000s ] mysql:dbname=test_server;host=localhost;port=3306;charset=utf8
[ sql ] [ SQL ] SHOW COLUMNS FROM `debug_bootstrap_table` [ RunTime:0.025000s ]
[ sql ] [ SQL ] SELECT * FROM `debug_bootstrap_table` WHERE  `status` = 1 [ RunTime:0.002000s ]

---------------------------------------------------------------
[ 2018-01-23T12:26:18+08:00 ] 127.0.0.1 127.0.0.1 GET /index.php/api/bootstraptable/list?limit=10&offset=0&_=1516681577521
[ log ] testurl/index.php/api/bootstraptable/list?limit=10&offset=0&_=1516681577521 [运行时间：1.083000s][吞吐率：0.92req/s] [内存消耗：2,441.28kb] [文件加载：49]
[ info ] [ CACHE ] INIT File
[ info ] [ BEHAVIOR ] Run app\common\behavior\InitConfigBehavior @app_init [ RunTime:0.002000s ]
[ info ] [ LANG ] C:\Code\php_code\test_server\php\thinkphp\lang\zh-cn.php
[ info ] [ ROUTE ] array (
  'type' => 'module',
  'module' => 
  array (
    0 => 'api',
    1 => 'BootStrapTables',
    2 => 'listdata',
  ),
  'convert' => false,
)
[ info ] [ HEADER ] array (
  'host' => 'testurl',
  'connection' => 'close',
  'pragma' => 'no-cache',
  'cache-control' => 'no-cache',
  'accept' => 'application/json, text/javascript, */*; q=0.01',
  'x-requested-with' => 'XMLHttpRequest',
  'user-agent' => 'Mozilla/5.0 (Windows NT 6.1; WOW64) AppleWebKit/537.36 (KHTML, like Gecko) Chrome/63.0.3239.84 Safari/537.36',
  'content-type' => 'application/json',
  'referer' => 'http://127.0.0.1/bootstrap_table_edit.html',
  'accept-encoding' => 'gzip, deflate, br',
  'accept-language' => 'zh-CN,zh;q=0.9',
  'cookie' => 'ECS[history]=155%2C10',
)
[ info ] [ PARAM ] array (
  'limit' => '10',
  'offset' => '0',
  '_' => '1516681577521',
)
[ info ] [ RUN ] app\api\controller\BootStrapTables->listdata[ C:\Code\php_code\test_server\php\application\api\controller\BootStrapTables.php ]
[ info ] [ DB ] INIT mysql
[ info ] [ LOG ] INIT File
[ error ] [8]未定义数组索引: HTTP_ORIGIN[C:\Code\php_code\test_server\php\application\common\controller\Common.php:20]
[ error ] [8]未定义数组索引: page_no[C:\Code\php_code\test_server\php\application\api\controller\BootStrapTables.php:36]
[ error ] [8]未定义数组索引: page_size[C:\Code\php_code\test_server\php\application\api\controller\BootStrapTables.php:37]
[ sql ] [ DB ] CONNECT:[ UseTime:1.007000s ] mysql:dbname=test_server;host=localhost;port=3306;charset=utf8
[ sql ] [ SQL ] SHOW COLUMNS FROM `debug_bootstrap_table` [ RunTime:0.037000s ]
[ sql ] [ SQL ] SELECT * FROM `debug_bootstrap_table` WHERE  `status` = 1 [ RunTime:0.002000s ]

---------------------------------------------------------------
[ 2018-01-23T12:28:56+08:00 ] 127.0.0.1 127.0.0.1 GET /index.php/api/bootstraptable/list?limit=10&offset=0&_=1516681735769
[ log ] testurl/index.php/api/bootstraptable/list?limit=10&offset=0&_=1516681735769 [运行时间：1.089000s][吞吐率：0.92req/s] [内存消耗：2,441.28kb] [文件加载：49]
[ info ] [ CACHE ] INIT File
[ info ] [ BEHAVIOR ] Run app\common\behavior\InitConfigBehavior @app_init [ RunTime:0.004000s ]
[ info ] [ LANG ] C:\Code\php_code\test_server\php\thinkphp\lang\zh-cn.php
[ info ] [ ROUTE ] array (
  'type' => 'module',
  'module' => 
  array (
    0 => 'api',
    1 => 'BootStrapTables',
    2 => 'listdata',
  ),
  'convert' => false,
)
[ info ] [ HEADER ] array (
  'host' => 'testurl',
  'connection' => 'close',
  'pragma' => 'no-cache',
  'cache-control' => 'no-cache',
  'accept' => 'application/json, text/javascript, */*; q=0.01',
  'x-requested-with' => 'XMLHttpRequest',
  'user-agent' => 'Mozilla/5.0 (Windows NT 6.1; WOW64) AppleWebKit/537.36 (KHTML, like Gecko) Chrome/63.0.3239.84 Safari/537.36',
  'content-type' => 'application/json',
  'referer' => 'http://127.0.0.1/bootstrap_table_edit.html',
  'accept-encoding' => 'gzip, deflate, br',
  'accept-language' => 'zh-CN,zh;q=0.9',
  'cookie' => 'ECS[history]=155%2C10',
)
[ info ] [ PARAM ] array (
  'limit' => '10',
  'offset' => '0',
  '_' => '1516681735769',
)
[ info ] [ RUN ] app\api\controller\BootStrapTables->listdata[ C:\Code\php_code\test_server\php\application\api\controller\BootStrapTables.php ]
[ info ] [ DB ] INIT mysql
[ info ] [ LOG ] INIT File
[ error ] [8]未定义数组索引: HTTP_ORIGIN[C:\Code\php_code\test_server\php\application\common\controller\Common.php:20]
[ error ] [8]未定义数组索引: page_no[C:\Code\php_code\test_server\php\application\api\controller\BootStrapTables.php:36]
[ error ] [8]未定义数组索引: page_size[C:\Code\php_code\test_server\php\application\api\controller\BootStrapTables.php:37]
[ sql ] [ DB ] CONNECT:[ UseTime:1.021000s ] mysql:dbname=test_server;host=localhost;port=3306;charset=utf8
[ sql ] [ SQL ] SHOW COLUMNS FROM `debug_bootstrap_table` [ RunTime:0.024000s ]
[ sql ] [ SQL ] SELECT * FROM `debug_bootstrap_table` WHERE  `status` = 1 [ RunTime:0.001000s ]

---------------------------------------------------------------
[ 2018-01-23T12:29:46+08:00 ] 127.0.0.1 127.0.0.1 GET /index.php/api/bootstraptable/list?limit=10&offset=0&_=1516681785759
[ log ] testurl/index.php/api/bootstraptable/list?limit=10&offset=0&_=1516681785759 [运行时间：1.074000s][吞吐率：0.93req/s] [内存消耗：2,441.28kb] [文件加载：49]
[ info ] [ CACHE ] INIT File
[ info ] [ BEHAVIOR ] Run app\common\behavior\InitConfigBehavior @app_init [ RunTime:0.002000s ]
[ info ] [ LANG ] C:\Code\php_code\test_server\php\thinkphp\lang\zh-cn.php
[ info ] [ ROUTE ] array (
  'type' => 'module',
  'module' => 
  array (
    0 => 'api',
    1 => 'BootStrapTables',
    2 => 'listdata',
  ),
  'convert' => false,
)
[ info ] [ HEADER ] array (
  'host' => 'testurl',
  'connection' => 'close',
  'pragma' => 'no-cache',
  'cache-control' => 'no-cache',
  'accept' => 'application/json, text/javascript, */*; q=0.01',
  'x-requested-with' => 'XMLHttpRequest',
  'user-agent' => 'Mozilla/5.0 (Windows NT 6.1; WOW64) AppleWebKit/537.36 (KHTML, like Gecko) Chrome/63.0.3239.84 Safari/537.36',
  'content-type' => 'application/json',
  'referer' => 'http://127.0.0.1/bootstrap_table_edit.html',
  'accept-encoding' => 'gzip, deflate, br',
  'accept-language' => 'zh-CN,zh;q=0.9',
  'cookie' => 'ECS[history]=155%2C10',
)
[ info ] [ PARAM ] array (
  'limit' => '10',
  'offset' => '0',
  '_' => '1516681785759',
)
[ info ] [ RUN ] app\api\controller\BootStrapTables->listdata[ C:\Code\php_code\test_server\php\application\api\controller\BootStrapTables.php ]
[ info ] [ DB ] INIT mysql
[ info ] [ LOG ] INIT File
[ error ] [8]未定义数组索引: HTTP_ORIGIN[C:\Code\php_code\test_server\php\application\common\controller\Common.php:20]
[ error ] [8]未定义数组索引: page_no[C:\Code\php_code\test_server\php\application\api\controller\BootStrapTables.php:36]
[ error ] [8]未定义数组索引: page_size[C:\Code\php_code\test_server\php\application\api\controller\BootStrapTables.php:37]
[ sql ] [ DB ] CONNECT:[ UseTime:1.020000s ] mysql:dbname=test_server;host=localhost;port=3306;charset=utf8
[ sql ] [ SQL ] SHOW COLUMNS FROM `debug_bootstrap_table` [ RunTime:0.020000s ]
[ sql ] [ SQL ] SELECT * FROM `debug_bootstrap_table` WHERE  `status` = 1 [ RunTime:0.000000s ]

---------------------------------------------------------------
[ 2018-01-23T12:29:55+08:00 ] 127.0.0.1 127.0.0.1 GET /index.php/api/bootstraptable/list
[ log ] testurl/index.php/api/bootstraptable/list [运行时间：1.093000s][吞吐率：0.91req/s] [内存消耗：2,440.37kb] [文件加载：49]
[ info ] [ CACHE ] INIT File
[ info ] [ BEHAVIOR ] Run app\common\behavior\InitConfigBehavior @app_init [ RunTime:0.003000s ]
[ info ] [ LANG ] C:\Code\php_code\test_server\php\thinkphp\lang\zh-cn.php
[ info ] [ ROUTE ] array (
  'type' => 'module',
  'module' => 
  array (
    0 => 'api',
    1 => 'BootStrapTables',
    2 => 'listdata',
  ),
  'convert' => false,
)
[ info ] [ HEADER ] array (
  'host' => 'testurl',
  'connection' => 'close',
  'pragma' => 'no-cache',
  'cache-control' => 'no-cache',
  'accept' => '*/*',
  'x-requested-with' => 'XMLHttpRequest',
  'user-agent' => 'Mozilla/5.0 (Windows NT 6.1; WOW64) AppleWebKit/537.36 (KHTML, like Gecko) Chrome/63.0.3239.84 Safari/537.36',
  'referer' => 'http://127.0.0.1/bootstrap_table_edit.html',
  'accept-encoding' => 'gzip, deflate, br',
  'accept-language' => 'zh-CN,zh;q=0.9',
  'cookie' => 'ECS[history]=155%2C10',
)
[ info ] [ PARAM ] array (
)
[ info ] [ RUN ] app\api\controller\BootStrapTables->listdata[ C:\Code\php_code\test_server\php\application\api\controller\BootStrapTables.php ]
[ info ] [ DB ] INIT mysql
[ info ] [ LOG ] INIT File
[ error ] [8]未定义数组索引: HTTP_ORIGIN[C:\Code\php_code\test_server\php\application\common\controller\Common.php:20]
[ error ] [8]未定义数组索引: page_no[C:\Code\php_code\test_server\php\application\api\controller\BootStrapTables.php:36]
[ error ] [8]未定义数组索引: page_size[C:\Code\php_code\test_server\php\application\api\controller\BootStrapTables.php:37]
[ sql ] [ DB ] CONNECT:[ UseTime:1.022000s ] mysql:dbname=test_server;host=localhost;port=3306;charset=utf8
[ sql ] [ SQL ] SHOW COLUMNS FROM `debug_bootstrap_table` [ RunTime:0.031000s ]
[ sql ] [ SQL ] SELECT * FROM `debug_bootstrap_table` WHERE  `status` = 1 [ RunTime:0.002000s ]

---------------------------------------------------------------
[ 2018-01-23T12:29:57+08:00 ] 127.0.0.1 127.0.0.1 GET /index.php/api/bootstraptable/list
[ log ] testurl/index.php/api/bootstraptable/list [运行时间：1.071000s][吞吐率：0.93req/s] [内存消耗：2,440.37kb] [文件加载：49]
[ info ] [ CACHE ] INIT File
[ info ] [ BEHAVIOR ] Run app\common\behavior\InitConfigBehavior @app_init [ RunTime:0.002000s ]
[ info ] [ LANG ] C:\Code\php_code\test_server\php\thinkphp\lang\zh-cn.php
[ info ] [ ROUTE ] array (
  'type' => 'module',
  'module' => 
  array (
    0 => 'api',
    1 => 'BootStrapTables',
    2 => 'listdata',
  ),
  'convert' => false,
)
[ info ] [ HEADER ] array (
  'host' => 'testurl',
  'connection' => 'close',
  'pragma' => 'no-cache',
  'cache-control' => 'no-cache',
  'accept' => '*/*',
  'x-requested-with' => 'XMLHttpRequest',
  'user-agent' => 'Mozilla/5.0 (Windows NT 6.1; WOW64) AppleWebKit/537.36 (KHTML, like Gecko) Chrome/63.0.3239.84 Safari/537.36',
  'referer' => 'http://127.0.0.1/bootstrap_table_edit.html',
  'accept-encoding' => 'gzip, deflate, br',
  'accept-language' => 'zh-CN,zh;q=0.9',
  'cookie' => 'ECS[history]=155%2C10',
)
[ info ] [ PARAM ] array (
)
[ info ] [ RUN ] app\api\controller\BootStrapTables->listdata[ C:\Code\php_code\test_server\php\application\api\controller\BootStrapTables.php ]
[ info ] [ DB ] INIT mysql
[ info ] [ LOG ] INIT File
[ error ] [8]未定义数组索引: HTTP_ORIGIN[C:\Code\php_code\test_server\php\application\common\controller\Common.php:20]
[ error ] [8]未定义数组索引: page_no[C:\Code\php_code\test_server\php\application\api\controller\BootStrapTables.php:36]
[ error ] [8]未定义数组索引: page_size[C:\Code\php_code\test_server\php\application\api\controller\BootStrapTables.php:37]
[ sql ] [ DB ] CONNECT:[ UseTime:1.022000s ] mysql:dbname=test_server;host=localhost;port=3306;charset=utf8
[ sql ] [ SQL ] SHOW COLUMNS FROM `debug_bootstrap_table` [ RunTime:0.019000s ]
[ sql ] [ SQL ] SELECT * FROM `debug_bootstrap_table` WHERE  `status` = 1 [ RunTime:0.001000s ]

---------------------------------------------------------------
