[ 2018-02-21T01:02:09+08:00 ] 127.0.0.1 127.0.0.1 GET /index.php/api/bootstraptable/list?limit=10&offset=0&_=1519146122295
[ log ] testurl/index.php/api/bootstraptable/list?limit=10&offset=0&_=1519146122295 [运行时间：1.209786s][吞吐率：0.83req/s] [内存消耗：2,431.41kb] [文件加载：49]
[ info ] [ CACHE ] INIT File
[ info ] [ BEHAVIOR ] Run app\common\behavior\InitConfigBehavior @app_init [ RunTime:0.010236s ]
[ info ] [ LANG ] C:\MyWorkSpace\GitHub_Prj\code_studio_h5_php001\back_end\thinkphp\lang\zh-cn.php
[ info ] [ ROUTE ] array (
  'type' => 'module',
  'module' => 
  array (
    0 => 'api',
    1 => 'BootStrapTables',
    2 => 'listdata',
  ),
  'convert' => false,
)
[ info ] [ HEADER ] array (
  'host' => 'testurl',
  'connection' => 'close',
  'accept' => 'application/json, text/javascript, */*; q=0.01',
  'x-requested-with' => 'XMLHttpRequest',
  'user-agent' => 'Mozilla/5.0 (Windows NT 10.0; Win64; x64) AppleWebKit/537.36 (KHTML, like Gecko) Chrome/64.0.3282.167 Safari/537.36',
  'content-type' => 'application/json',
  'referer' => 'http://qianduan.studio.com/bootstrap_table_edit2.html',
  'accept-encoding' => 'gzip, deflate',
  'accept-language' => 'zh-CN,zh;q=0.9',
)
[ info ] [ PARAM ] array (
  'limit' => '10',
  'offset' => '0',
  '_' => '1519146122295',
)
[ info ] [ RUN ] app\api\controller\BootStrapTables->listdata[ C:\MyWorkSpace\GitHub_Prj\code_studio_h5_php001\back_end\application\api\controller\BootStrapTables.php ]
[ info ] [ DB ] INIT mysql
[ info ] [ LOG ] INIT File
[ error ] [8]未定义数组索引: HTTP_ORIGIN[C:\MyWorkSpace\GitHub_Prj\code_studio_h5_php001\back_end\application\common\controller\Common.php:20]
[ error ] [8]未定义数组索引: page_no[C:\MyWorkSpace\GitHub_Prj\code_studio_h5_php001\back_end\application\api\controller\BootStrapTables.php:36]
[ error ] [8]未定义数组索引: page_size[C:\MyWorkSpace\GitHub_Prj\code_studio_h5_php001\back_end\application\api\controller\BootStrapTables.php:37]
[ sql ] [ DB ] CONNECT:[ UseTime:1.050883s ] mysql:dbname=test_server;host=localhost;port=3306;charset=utf8
[ sql ] [ SQL ] SHOW COLUMNS FROM `debug_bootstrap_table` [ RunTime:0.034584s ]
[ sql ] [ SQL ] SELECT * FROM `debug_bootstrap_table` WHERE  `status` = 1 [ RunTime:0.002893s ]

---------------------------------------------------------------
