[ 2018-06-17T01:43:39+08:00 ] 127.0.0.1 127.0.0.1 GET /
[ log ] api.studio.com/ [运行时间：0.144662s][吞吐率：6.91req/s] [内存消耗：1,138.73kb] [文件加载：40]
[ info ] [ CACHE ] INIT File
[ info ] [ BEHAVIOR ] Run app\common\behavior\InitConfigBehavior @app_init [ RunTime:0.014254s ]
[ info ] [ LANG ] C:\MyWorkSpace\GitHub_Prj\code_studio_h5_php001\back_end\thinkphp\lang\zh-cn.php
[ info ] [ ROUTE ] array (
  'type' => 'module',
  'module' => 
  array (
    0 => NULL,
    1 => 'base',
    2 => 'miss',
  ),
  'convert' => false,
)
[ info ] [ HEADER ] array (
  'accept-language' => 'zh-CN,zh;q=0.8',
  'accept-encoding' => 'gzip, deflate, sdch',
  'accept' => 'text/html,application/xhtml+xml,application/xml;q=0.9,image/webp,*/*;q=0.8',
  'user-agent' => 'Mozilla/5.0 (Windows NT 10.0; WOW64) AppleWebKit/537.36 (KHTML, like Gecko) Chrome/55.0.2883.87 Safari/537.36',
  'upgrade-insecure-requests' => '1',
  'connection' => 'keep-alive',
  'host' => 'api.studio.com',
  'content-length' => '',
  'content-type' => '',
)
[ info ] [ PARAM ] array (
)
[ info ] [ RUN ] app\api\controller\Base->miss[ C:\MyWorkSpace\GitHub_Prj\code_studio_h5_php001\back_end\application\api\controller\Base.php ]
[ info ] [ LOG ] INIT File
[ error ] [8]未定义数组索引: HTTP_ORIGIN[C:\MyWorkSpace\GitHub_Prj\code_studio_h5_php001\back_end\application\common\controller\Common.php:20]

---------------------------------------------------------------
[ 2018-06-17T01:44:15+08:00 ] 127.0.0.1 127.0.0.1 GET /index.php/api/bootstraptable/list?limit=10
[ log ] api.studio.com/index.php/api/bootstraptable/list?limit=10 [运行时间：1.187980s][吞吐率：0.84req/s] [内存消耗：1,949.71kb] [文件加载：49]
[ info ] [ CACHE ] INIT File
[ info ] [ BEHAVIOR ] Run app\common\behavior\InitConfigBehavior @app_init [ RunTime:0.006637s ]
[ info ] [ LANG ] C:\MyWorkSpace\GitHub_Prj\code_studio_h5_php001\back_end\thinkphp\lang\zh-cn.php
[ info ] [ ROUTE ] array (
  'type' => 'module',
  'module' => 
  array (
    0 => 'api',
    1 => 'BootStrapTables',
    2 => 'listdata',
  ),
  'convert' => false,
)
[ info ] [ HEADER ] array (
  'accept-language' => 'zh-CN,zh;q=0.8',
  'accept-encoding' => 'gzip, deflate, sdch',
  'accept' => 'text/html,application/xhtml+xml,application/xml;q=0.9,image/webp,*/*;q=0.8',
  'user-agent' => 'Mozilla/5.0 (Windows NT 10.0; WOW64) AppleWebKit/537.36 (KHTML, like Gecko) Chrome/55.0.2883.87 Safari/537.36',
  'upgrade-insecure-requests' => '1',
  'connection' => 'keep-alive',
  'host' => 'api.studio.com',
  'content-length' => '',
  'content-type' => '',
)
[ info ] [ PARAM ] array (
  'limit' => '10',
)
[ info ] [ RUN ] app\api\controller\BootStrapTables->listdata[ C:\MyWorkSpace\GitHub_Prj\code_studio_h5_php001\back_end\application\api\controller\BootStrapTables.php ]
[ info ] [ DB ] INIT mysql
[ info ] [ LOG ] INIT File
[ error ] [8]未定义数组索引: HTTP_ORIGIN[C:\MyWorkSpace\GitHub_Prj\code_studio_h5_php001\back_end\application\common\controller\Common.php:20]
[ error ] [8]未定义数组索引: page_no[C:\MyWorkSpace\GitHub_Prj\code_studio_h5_php001\back_end\application\api\controller\BootStrapTables.php:36]
[ error ] [8]未定义数组索引: page_size[C:\MyWorkSpace\GitHub_Prj\code_studio_h5_php001\back_end\application\api\controller\BootStrapTables.php:37]
[ sql ] [ DB ] CONNECT:[ UseTime:1.033335s ] mysql:dbname=test_server;host=localhost;port=3306;charset=utf8
[ sql ] [ SQL ] SHOW COLUMNS FROM `debug_bootstrap_table` [ RunTime:0.031196s ]
[ sql ] [ SQL ] SELECT * FROM `debug_bootstrap_table` WHERE  `status` = 1 [ RunTime:0.001544s ]

---------------------------------------------------------------
[ 2018-06-17T01:45:31+08:00 ] 127.0.0.1 127.0.0.1 GET /index.php/api/bootstraptable/list?limit=10&offset=0&_=1529171129494
[ log ] api.studio.com/index.php/api/bootstraptable/list?limit=10&offset=0&_=1529171129494 [运行时间：1.242404s][吞吐率：0.80req/s] [内存消耗：1,950.08kb] [文件加载：49]
[ info ] [ CACHE ] INIT File
[ info ] [ BEHAVIOR ] Run app\common\behavior\InitConfigBehavior @app_init [ RunTime:0.009219s ]
[ info ] [ LANG ] C:\MyWorkSpace\GitHub_Prj\code_studio_h5_php001\back_end\thinkphp\lang\zh-cn.php
[ info ] [ ROUTE ] array (
  'type' => 'module',
  'module' => 
  array (
    0 => 'api',
    1 => 'BootStrapTables',
    2 => 'listdata',
  ),
  'convert' => false,
)
[ info ] [ HEADER ] array (
  'accept-language' => 'zh-CN,zh;q=0.9',
  'accept-encoding' => 'gzip, deflate',
  'referer' => 'http://qianduan.studio.com/bootstrap_table_edit1.html',
  'content-type' => 'application/json',
  'user-agent' => 'Mozilla/5.0 (Windows NT 10.0; Win64; x64) AppleWebKit/537.36 (KHTML, like Gecko) Chrome/64.0.3282.167 Safari/537.36',
  'x-requested-with' => 'XMLHttpRequest',
  'accept' => 'application/json, text/javascript, */*; q=0.01',
  'connection' => 'close',
  'host' => 'api.studio.com',
  'content-length' => '',
)
[ info ] [ PARAM ] array (
  'limit' => '10',
  'offset' => '0',
  '_' => '1529171129494',
)
[ info ] [ RUN ] app\api\controller\BootStrapTables->listdata[ C:\MyWorkSpace\GitHub_Prj\code_studio_h5_php001\back_end\application\api\controller\BootStrapTables.php ]
[ info ] [ DB ] INIT mysql
[ info ] [ LOG ] INIT File
[ error ] [8]未定义数组索引: HTTP_ORIGIN[C:\MyWorkSpace\GitHub_Prj\code_studio_h5_php001\back_end\application\common\controller\Common.php:20]
[ error ] [8]未定义数组索引: page_no[C:\MyWorkSpace\GitHub_Prj\code_studio_h5_php001\back_end\application\api\controller\BootStrapTables.php:36]
[ error ] [8]未定义数组索引: page_size[C:\MyWorkSpace\GitHub_Prj\code_studio_h5_php001\back_end\application\api\controller\BootStrapTables.php:37]
[ sql ] [ DB ] CONNECT:[ UseTime:1.020306s ] mysql:dbname=test_server;host=localhost;port=3306;charset=utf8
[ sql ] [ SQL ] SHOW COLUMNS FROM `debug_bootstrap_table` [ RunTime:0.032552s ]
[ sql ] [ SQL ] SELECT * FROM `debug_bootstrap_table` WHERE  `status` = 1 [ RunTime:0.002174s ]

---------------------------------------------------------------
